<?xml version="1.0" encoding="UTF-8"?>
<!-- Generated by org.testng.reporters.JUnitXMLReporter -->
<testsuite hostname="Prakash" failures="0" tests="3" name="TestsDemo" time="0.098" errors="0" timestamp="30 Apr 2020 10:09:00 GMT">
  <testcase classname="com.org.selenium.mavendemo.testdemo" name="test2" time="0.012"/>
  <testcase classname="com.org.selenium.mavendemo.testdemo" name="test1" time="0.01"/>
  <testcase classname="com.org.selenium.mavendemo.testdemo" name="test4" time="0.007"/>
</testsuite> <!-- TestsDemo -->
