<?xml version="1.0" encoding="UTF-8"?>
<!-- Generated by org.testng.reporters.JUnitXMLReporter -->
<testsuite hostname="Prakash" failures="0" tests="3" name="Default test" time="0.121" errors="0" timestamp="30 Apr 2020 09:37:26 GMT">
  <testcase classname="com.org.selenium.mavendemo.testdemo" name="test2" time="0.019"/>
  <testcase classname="com.org.selenium.mavendemo.testdemo" name="test1" time="0.005"/>
  <testcase classname="com.org.selenium.mavendemo.testdemo" name="test4" time="0.017"/>
</testsuite> <!-- Default test -->
