<?xml version="1.0" encoding="UTF-8"?>
<testng-results total="3" passed="3" failed="0" skipped="0">
  <reporter-output>
  </reporter-output>
  <suite started-at="2020-04-30T10:08:59Z" name="SuitesDemo" finished-at="2020-04-30T10:09:00Z" duration-ms="98">
    <groups>
    </groups>
    <test started-at="2020-04-30T10:08:59Z" name="TestsDemo" finished-at="2020-04-30T10:09:00Z" duration-ms="98">
      <class name="com.org.selenium.mavendemo.testdemo">
        <test-method is-config="true" signature="beforesuit()[pri:0, instance:com.org.selenium.mavendemo.testdemo@2df3b89c]" started-at="2020-04-30T15:38:59Z" name="beforesuit" finished-at="2020-04-30T15:38:59Z" duration-ms="20" status="PASS">
          <reporter-output>
          </reporter-output>
        </test-method> <!-- beforesuit -->
        <test-method is-config="true" signature="beforetest()[pri:0, instance:com.org.selenium.mavendemo.testdemo@2df3b89c]" started-at="2020-04-30T15:38:59Z" name="beforetest" finished-at="2020-04-30T15:38:59Z" duration-ms="1" status="PASS">
          <reporter-output>
          </reporter-output>
        </test-method> <!-- beforetest -->
        <test-method is-config="true" signature="beforeclass()[pri:0, instance:com.org.selenium.mavendemo.testdemo@2df3b89c]" started-at="2020-04-30T15:38:59Z" name="beforeclass" finished-at="2020-04-30T15:38:59Z" duration-ms="0" status="PASS">
          <reporter-output>
          </reporter-output>
        </test-method> <!-- beforeclass -->
        <test-method signature="test2()[pri:2, instance:com.org.selenium.mavendemo.testdemo@2df3b89c]" started-at="2020-04-30T15:38:59Z" name="test2" finished-at="2020-04-30T15:38:59Z" duration-ms="12" status="PASS">
          <reporter-output>
          </reporter-output>
        </test-method> <!-- test2 -->
        <test-method is-config="true" signature="beforemethod()[pri:0, instance:com.org.selenium.mavendemo.testdemo@2df3b89c]" started-at="2020-04-30T15:38:59Z" name="beforemethod" finished-at="2020-04-30T15:38:59Z" duration-ms="0" status="PASS">
          <reporter-output>
          </reporter-output>
        </test-method> <!-- beforemethod -->
        <test-method is-config="true" signature="aftermethod()[pri:0, instance:com.org.selenium.mavendemo.testdemo@2df3b89c]" started-at="2020-04-30T15:38:59Z" name="aftermethod" finished-at="2020-04-30T15:38:59Z" duration-ms="1" status="PASS">
          <reporter-output>
          </reporter-output>
        </test-method> <!-- aftermethod -->
        <test-method is-config="true" signature="beforemethod()[pri:0, instance:com.org.selenium.mavendemo.testdemo@2df3b89c]" started-at="2020-04-30T15:38:59Z" name="beforemethod" finished-at="2020-04-30T15:38:59Z" duration-ms="2" status="PASS">
          <reporter-output>
          </reporter-output>
        </test-method> <!-- beforemethod -->
        <test-method signature="test1()[pri:3, instance:com.org.selenium.mavendemo.testdemo@2df3b89c]" started-at="2020-04-30T15:38:59Z" name="test1" finished-at="2020-04-30T15:38:59Z" duration-ms="10" status="PASS">
          <reporter-output>
          </reporter-output>
        </test-method> <!-- test1 -->
        <test-method is-config="true" signature="aftermethod()[pri:0, instance:com.org.selenium.mavendemo.testdemo@2df3b89c]" started-at="2020-04-30T15:38:59Z" name="aftermethod" finished-at="2020-04-30T15:38:59Z" duration-ms="1" status="PASS">
          <reporter-output>
          </reporter-output>
        </test-method> <!-- aftermethod -->
        <test-method is-config="true" signature="beforemethod()[pri:0, instance:com.org.selenium.mavendemo.testdemo@2df3b89c]" started-at="2020-04-30T15:38:59Z" name="beforemethod" finished-at="2020-04-30T15:38:59Z" duration-ms="2" status="PASS">
          <reporter-output>
          </reporter-output>
        </test-method> <!-- beforemethod -->
        <test-method signature="test4()[pri:4, instance:com.org.selenium.mavendemo.testdemo@2df3b89c]" started-at="2020-04-30T15:38:59Z" name="test4" finished-at="2020-04-30T15:39:00Z" duration-ms="7" status="PASS">
          <reporter-output>
          </reporter-output>
        </test-method> <!-- test4 -->
        <test-method is-config="true" signature="aftermethod()[pri:0, instance:com.org.selenium.mavendemo.testdemo@2df3b89c]" started-at="2020-04-30T15:39:00Z" name="aftermethod" finished-at="2020-04-30T15:39:00Z" duration-ms="4" status="PASS">
          <reporter-output>
          </reporter-output>
        </test-method> <!-- aftermethod -->
        <test-method is-config="true" signature="afterclass()[pri:0, instance:com.org.selenium.mavendemo.testdemo@2df3b89c]" started-at="2020-04-30T15:39:00Z" name="afterclass" finished-at="2020-04-30T15:39:00Z" duration-ms="1" status="PASS">
          <reporter-output>
          </reporter-output>
        </test-method> <!-- afterclass -->
        <test-method is-config="true" signature="aftertest()[pri:0, instance:com.org.selenium.mavendemo.testdemo@2df3b89c]" started-at="2020-04-30T15:39:00Z" name="aftertest" finished-at="2020-04-30T15:39:00Z" duration-ms="1" status="PASS">
          <reporter-output>
          </reporter-output>
        </test-method> <!-- aftertest -->
        <test-method is-config="true" signature="aftersuit()[pri:0, instance:com.org.selenium.mavendemo.testdemo@2df3b89c]" started-at="2020-04-30T15:39:00Z" name="aftersuit" finished-at="2020-04-30T15:39:00Z" duration-ms="1" status="PASS">
          <reporter-output>
          </reporter-output>
        </test-method> <!-- aftersuit -->
      </class> <!-- com.org.selenium.mavendemo.testdemo -->
    </test> <!-- TestsDemo -->
  </suite> <!-- SuitesDemo -->
</testng-results>
